TN:
SF:src/controllers/auth-controller.ts
FN:8,(anonymous_7)
FN:8,(anonymous_8)
FN:53,(anonymous_9)
FN:53,(anonymous_10)
FNF:4
FNH:4
FNDA:9,(anonymous_7)
FNDA:9,(anonymous_8)
FNDA:5,(anonymous_9)
FNDA:5,(anonymous_10)
DA:2,1
DA:3,1
DA:4,1
DA:5,1
DA:6,1
DA:8,9
DA:9,9
DA:10,9
DA:13,9
DA:14,9
DA:15,1
DA:23,8
DA:25,8
DA:33,6
DA:44,2
DA:53,5
DA:54,5
DA:55,5
DA:57,5
DA:58,3
DA:59,1
DA:67,2
DA:68,2
DA:69,1
DA:77,1
DA:84,1
DA:97,2
LF:27
LH:27
BRDA:14,0,0,1
BRDA:14,0,1,8
BRDA:58,1,0,1
BRDA:58,1,1,2
BRDA:68,2,0,1
BRDA:68,2,1,1
BRF:6
BRH:6
end_of_record
TN:
SF:src/controllers/blog-controller.ts
FN:9,(anonymous_7)
FN:9,(anonymous_8)
FN:14,(anonymous_9)
FN:14,(anonymous_10)
FN:35,(anonymous_11)
FN:35,(anonymous_12)
FN:65,(anonymous_13)
FN:65,(anonymous_14)
FN:102,(anonymous_15)
FN:102,(anonymous_16)
FN:145,(anonymous_17)
FN:145,(anonymous_18)
FN:174,(anonymous_19)
FN:174,(anonymous_20)
FNF:14
FNH:0
FNDA:0,(anonymous_7)
FNDA:0,(anonymous_8)
FNDA:0,(anonymous_9)
FNDA:0,(anonymous_10)
FNDA:0,(anonymous_11)
FNDA:0,(anonymous_12)
FNDA:0,(anonymous_13)
FNDA:0,(anonymous_14)
FNDA:0,(anonymous_15)
FNDA:0,(anonymous_16)
FNDA:0,(anonymous_17)
FNDA:0,(anonymous_18)
FNDA:0,(anonymous_19)
FNDA:0,(anonymous_20)
DA:2,1
DA:3,1
DA:4,1
DA:5,1
DA:6,1
DA:7,1
DA:9,1
DA:10,0
DA:11,0
DA:13,0
DA:14,0
DA:15,0
DA:16,0
DA:17,0
DA:24,0
DA:26,0
DA:35,1
DA:36,0
DA:37,0
DA:38,0
DA:39,0
DA:47,0
DA:48,0
DA:49,0
DA:54,0
DA:56,0
DA:65,1
DA:66,0
DA:67,0
DA:68,0
DA:69,0
DA:70,0
DA:73,0
DA:74,0
DA:75,0
DA:85,0
DA:92,0
DA:93,0
DA:102,1
DA:103,0
DA:104,0
DA:106,0
DA:107,0
DA:109,0
DA:110,0
DA:111,0
DA:112,0
DA:114,0
DA:115,0
DA:117,0
DA:121,0
DA:122,0
DA:129,0
DA:135,0
DA:136,0
DA:145,1
DA:146,0
DA:147,0
DA:151,0
DA:152,0
DA:159,0
DA:165,0
DA:174,1
DA:175,0
DA:176,0
DA:177,0
DA:178,0
DA:185,0
DA:186,0
DA:187,0
DA:194,0
DA:199,0
LF:72
LH:12
BRDA:38,0,0,0
BRDA:38,0,1,0
BRDA:69,1,0,0
BRDA:69,1,1,0
BRDA:73,2,0,0
BRDA:73,2,1,0
BRDA:74,3,0,0
BRDA:74,3,1,0
BRDA:74,4,0,0
BRDA:74,4,1,0
BRDA:79,5,0,0
BRDA:79,5,1,0
BRDA:79,6,0,0
BRDA:79,6,1,0
BRDA:106,7,0,0
BRDA:106,7,1,0
BRDA:107,8,0,0
BRDA:107,8,1,0
BRDA:109,9,0,0
BRDA:109,9,1,0
BRDA:114,10,0,0
BRDA:114,10,1,0
BRDA:121,11,0,0
BRDA:121,11,1,0
BRDA:151,12,0,0
BRDA:151,12,1,0
BRDA:177,13,0,0
BRDA:177,13,1,0
BRDA:186,14,0,0
BRDA:186,14,1,0
BRF:30
BRH:0
end_of_record
TN:
SF:src/controllers/comment-controller.ts
FN:8,(anonymous_7)
FN:8,(anonymous_8)
FN:48,(anonymous_9)
FN:48,(anonymous_10)
FNF:4
FNH:0
FNDA:0,(anonymous_7)
FNDA:0,(anonymous_8)
FNDA:0,(anonymous_9)
FNDA:0,(anonymous_10)
DA:2,1
DA:3,1
DA:4,1
DA:5,1
DA:8,1
DA:9,0
DA:10,0
DA:11,0
DA:12,0
DA:15,0
DA:16,0
DA:17,0
DA:26,0
DA:32,0
DA:39,0
DA:48,1
DA:49,0
DA:50,0
DA:53,0
DA:58,0
DA:65,0
LF:21
LH:6
BRDA:11,0,0,0
BRDA:11,0,1,0
BRDA:11,1,0,0
BRDA:11,1,1,0
BRDA:16,2,0,0
BRDA:16,2,1,0
BRF:6
BRH:0
end_of_record
TN:
SF:src/controllers/like-controller.ts
FN:8,(anonymous_7)
FN:8,(anonymous_8)
FN:54,(anonymous_9)
FN:54,(anonymous_10)
FNF:4
FNH:0
FNDA:0,(anonymous_7)
FNDA:0,(anonymous_8)
FNDA:0,(anonymous_9)
FNDA:0,(anonymous_10)
DA:2,1
DA:3,1
DA:4,1
DA:5,1
DA:8,1
DA:9,0
DA:10,0
DA:11,0
DA:14,0
DA:15,0
DA:16,0
DA:25,0
DA:27,0
DA:29,0
DA:30,0
DA:37,0
DA:38,0
DA:45,0
DA:54,1
DA:55,0
DA:56,0
DA:59,0
DA:64,0
DA:73,0
LF:24
LH:6
BRDA:11,0,0,0
BRDA:11,0,1,0
BRDA:11,1,0,0
BRDA:11,1,1,0
BRDA:15,2,0,0
BRDA:15,2,1,0
BRDA:27,3,0,0
BRDA:27,3,1,0
BRF:8
BRH:0
end_of_record
TN:
SF:src/middlewares/auth.ts
FN:6,ensureAuthenticated
FN:18,authenticateToken
FNF:2
FNH:0
FNDA:0,ensureAuthenticated
FNDA:0,authenticateToken
DA:2,1
DA:3,1
DA:4,1
DA:6,1
DA:7,0
DA:12,0
DA:14,0
DA:18,1
DA:19,0
DA:20,0
DA:22,0
DA:23,0
DA:26,0
DA:27,0
DA:28,0
DA:29,0
DA:31,0
LF:17
LH:5
BRDA:7,0,0,0
BRDA:7,0,1,0
BRDA:8,1,0,0
BRDA:8,1,1,0
BRDA:8,1,2,0
BRDA:20,2,0,0
BRDA:20,2,1,0
BRDA:22,3,0,0
BRDA:22,3,1,0
BRF:9
BRH:0
end_of_record
TN:
SF:src/middlewares/role-checker.ts
FN:4,(anonymous_0)
FN:5,(anonymous_1)
FNF:2
FNH:1
FNDA:6,(anonymous_0)
FNDA:0,(anonymous_1)
DA:2,1
DA:4,1
DA:5,6
DA:6,0
DA:8,0
DA:9,0
DA:17,0
LF:7
LH:3
BRDA:8,0,0,0
BRDA:8,0,1,0
BRDA:8,1,0,0
BRDA:8,1,1,0
BRF:4
BRH:0
end_of_record
TN:
SF:src/middlewares/session-blacklist.ts
FNF:0
FNH:0
DA:1,1
LF:1
LH:1
BRF:0
BRH:0
end_of_record
TN:
SF:src/models/blog-model.ts
FN:54,(anonymous_0)
FNF:1
FNH:1
FNDA:1,(anonymous_0)
DA:1,1
DA:2,1
DA:18,1
DA:32,1
DA:54,1
DA:55,1
DA:56,1
DA:57,1
LF:8
LH:8
BRF:0
BRH:0
end_of_record
TN:
SF:src/models/comment-model.ts
FN:37,(anonymous_0)
FNF:1
FNH:1
FNDA:1,(anonymous_0)
DA:1,1
DA:2,1
DA:13,1
DA:22,1
DA:37,1
DA:38,1
DA:39,1
LF:7
LH:7
BRF:0
BRH:0
end_of_record
TN:
SF:src/models/index.ts
FN:20,(anonymous_7)
FN:20,(anonymous_8)
FN:20,(anonymous_9)
FN:20,(anonymous_10)
FN:16,(anonymous_11)
FN:16,(anonymous_12)
FNF:6
FNH:2
FNDA:0,(anonymous_7)
FNDA:0,(anonymous_8)
FNDA:0,(anonymous_9)
FNDA:0,(anonymous_10)
FNDA:1,(anonymous_11)
FNDA:1,(anonymous_12)
DA:1,1
DA:2,1
DA:3,1
DA:4,1
DA:5,1
DA:7,1
DA:10,1
DA:11,1
DA:12,1
DA:13,1
DA:16,1
DA:17,1
DA:20,1
LF:13
LH:13
BRF:0
BRH:0
end_of_record
TN:
SF:src/models/like-model.ts
FN:34,(anonymous_0)
FNF:1
FNH:1
FNDA:1,(anonymous_0)
DA:1,1
DA:2,1
DA:12,1
DA:20,1
DA:34,1
DA:35,1
DA:36,1
LF:7
LH:7
BRF:0
BRH:0
end_of_record
TN:
SF:src/models/user-model.ts
FN:4,(anonymous_0)
FN:10,(anonymous_1)
FN:63,(anonymous_2)
FNF:3
FNH:3
FNDA:1,(anonymous_0)
FNDA:1,(anonymous_1)
FNDA:1,(anonymous_2)
DA:1,1
DA:2,1
DA:4,1
DA:5,1
DA:6,1
DA:7,1
DA:10,1
DA:11,1
DA:12,1
DA:29,1
DA:43,1
DA:63,1
DA:64,1
DA:65,1
DA:66,1
LF:15
LH:15
BRDA:4,0,0,1
BRDA:4,0,1,1
BRDA:10,1,0,1
BRDA:10,1,1,1
BRF:4
BRH:4
end_of_record
TN:
SF:src/routes/auth-routes.ts
FN:85,(anonymous_1)
FN:116,(anonymous_2)
FN:138,(anonymous_3)
FN:158,(anonymous_4)
FN:166,(anonymous_5)
FN:169,(anonymous_6)
FN:170,(anonymous_7)
FNF:7
FNH:3
FNDA:0,(anonymous_1)
FNDA:0,(anonymous_2)
FNDA:0,(anonymous_3)
FNDA:0,(anonymous_4)
FNDA:1,(anonymous_5)
FNDA:1,(anonymous_6)
FNDA:1,(anonymous_7)
DA:1,1
DA:2,1
DA:3,1
DA:5,1
DA:6,1
DA:8,1
DA:82,1
DA:85,1
DA:86,0
DA:87,0
DA:88,0
DA:94,0
DA:106,0
DA:114,1
DA:118,0
DA:119,0
DA:120,0
DA:126,0
DA:132,0
DA:139,0
DA:140,0
DA:141,0
DA:143,0
DA:149,0
DA:158,1
DA:159,0
DA:166,1
DA:167,1
DA:168,1
DA:169,1
DA:170,1
DA:171,1
DA:175,0
DA:218,1
DA:244,1
DA:250,1
LF:36
LH:19
BRDA:86,0,0,0
BRDA:86,0,1,0
BRDA:118,1,0,0
BRDA:118,1,1,0
BRDA:140,2,0,0
BRDA:140,2,1,0
BRDA:167,3,0,1
BRDA:167,3,1,0
BRDA:170,4,0,0
BRDA:170,4,1,1
BRDA:170,5,0,1
BRDA:170,5,1,1
BRF:12
BRH:4
end_of_record
TN:
SF:src/routes/blog-routes.ts
FNF:0
FNH:0
DA:1,1
DA:2,1
DA:11,1
DA:12,1
DA:14,1
DA:103,1
DA:105,1
DA:107,1
DA:112,1
DA:120,1
DA:128,1
DA:135,1
LF:12
LH:12
BRF:0
BRH:0
end_of_record
TN:
SF:src/routes/comment-routes.ts
FNF:0
FNH:0
DA:1,1
DA:2,1
DA:3,1
DA:4,1
DA:7,1
DA:45,1
DA:52,1
LF:7
LH:7
BRF:0
BRH:0
end_of_record
TN:
SF:src/routes/like-routes.ts
FNF:0
FNH:0
DA:1,1
DA:2,1
DA:3,1
DA:4,1
DA:7,1
DA:47,1
DA:54,1
LF:7
LH:7
BRF:0
BRH:0
end_of_record
TN:
SF:src/utils/helper.ts
FN:1,(anonymous_0)
FNF:1
FNH:0
FNDA:0,(anonymous_0)
DA:1,1
DA:2,0
LF:2
LH:1
BRF:0
BRH:0
end_of_record
TN:
SF:src/utils/jwt.ts
FN:5,(anonymous_1)
FNF:1
FNH:1
FNDA:1,(anonymous_1)
DA:1,1
DA:3,1
DA:5,1
DA:6,1
LF:4
LH:4
BRDA:3,0,0,1
BRDA:3,0,1,0
BRDA:11,1,0,1
BRDA:11,1,1,0
BRF:4
BRH:2
end_of_record
TN:
SF:src/utils/password.ts
FN:5,(anonymous_8)
FN:5,(anonymous_9)
FN:9,(anonymous_10)
FN:9,(anonymous_11)
FNF:4
FNH:4
FNDA:8,(anonymous_8)
FNDA:8,(anonymous_9)
FNDA:2,(anonymous_10)
FNDA:2,(anonymous_11)
DA:1,1
DA:3,1
DA:5,8
DA:6,8
DA:9,2
DA:10,2
LF:6
LH:6
BRF:0
BRH:0
end_of_record
TN:
SF:src/utils/response.ts
FN:11,(anonymous_0)
FNF:1
FNH:1
FNDA:14,(anonymous_0)
DA:11,1
DA:18,14
LF:2
LH:2
BRDA:14,0,0,0
BRDA:15,1,0,1
BRDA:16,2,0,7
BRF:3
BRH:2
end_of_record
TN:
SF:src/utils/upload.ts
FN:20,(anonymous_1)
FN:21,(anonymous_2)
FN:32,(anonymous_3)
FN:47,(anonymous_4)
FN:61,(anonymous_5)
FN:75,(anonymous_6)
FN:79,(anonymous_7)
FNF:7
FNH:0
FNDA:0,(anonymous_1)
FNDA:0,(anonymous_2)
FNDA:0,(anonymous_3)
FNDA:0,(anonymous_4)
FNDA:0,(anonymous_5)
FNDA:0,(anonymous_6)
FNDA:0,(anonymous_7)
DA:1,1
DA:3,1
DA:4,1
DA:5,1
DA:6,1
DA:7,1
DA:9,1
DA:12,1
DA:20,1
DA:21,0
DA:22,0
DA:23,0
DA:25,0
DA:33,0
DA:34,0
DA:35,0
DA:37,0
DA:42,0
DA:47,1
DA:48,0
DA:52,0
DA:56,1
DA:62,0
DA:63,0
DA:64,0
DA:75,1
DA:76,0
DA:77,0
DA:79,0
DA:80,0
DA:81,0
DA:82,0
DA:84,0
LF:33
LH:12
BRDA:22,0,0,0
BRDA:22,0,1,0
BRDA:22,1,0,0
BRDA:22,1,1,0
BRDA:23,2,0,0
BRDA:23,2,1,0
BRDA:33,3,0,0
BRDA:33,3,1,0
BRDA:33,4,0,0
BRDA:33,4,1,0
BRDA:33,5,0,0
BRDA:33,5,1,0
BRDA:33,6,0,0
BRDA:33,6,1,0
BRDA:52,7,0,0
BRDA:52,7,1,0
BRDA:63,8,0,0
BRDA:63,8,1,0
BRDA:80,9,0,0
BRDA:80,9,1,0
BRF:20
BRH:0
end_of_record
